Determining if the pthread_create exist failed with the following output:
Change Dir: /opt/opendlv.scaledcars.build/libodvdscaledcarsdatamodel-prefix/src/libodvdscaledcarsdatamodel-build/CMakeFiles/CMakeTmp

Run Build Command:"/usr/bin/make" "cmTC_7f1a7/fast"
make[3]: Entering directory '/opt/opendlv.scaledcars.build/libodvdscaledcarsdatamodel-prefix/src/libodvdscaledcarsdatamodel-build/CMakeFiles/CMakeTmp'
/usr/bin/make -f CMakeFiles/cmTC_7f1a7.dir/build.make CMakeFiles/cmTC_7f1a7.dir/build
make[4]: Entering directory '/opt/opendlv.scaledcars.build/libodvdscaledcarsdatamodel-prefix/src/libodvdscaledcarsdatamodel-build/CMakeFiles/CMakeTmp'
Building C object CMakeFiles/cmTC_7f1a7.dir/CheckSymbolExists.c.o
/usr/bin/cc    -fPIC    -o CMakeFiles/cmTC_7f1a7.dir/CheckSymbolExists.c.o   -c /opt/opendlv.scaledcars.build/libodvdscaledcarsdatamodel-prefix/src/libodvdscaledcarsdatamodel-build/CMakeFiles/CMakeTmp/CheckSymbolExists.c
Linking C executable cmTC_7f1a7
/usr/bin/cmake -E cmake_link_script CMakeFiles/cmTC_7f1a7.dir/link.txt --verbose=1
/usr/bin/cc    -fPIC     CMakeFiles/cmTC_7f1a7.dir/CheckSymbolExists.c.o  -o cmTC_7f1a7 -rdynamic 
CMakeFiles/cmTC_7f1a7.dir/CheckSymbolExists.c.o: In function `main':
CheckSymbolExists.c:(.text+0x1b): undefined reference to `pthread_create'
collect2: error: ld returned 1 exit status
CMakeFiles/cmTC_7f1a7.dir/build.make:97: recipe for target 'cmTC_7f1a7' failed
make[4]: *** [cmTC_7f1a7] Error 1
make[4]: Leaving directory '/opt/opendlv.scaledcars.build/libodvdscaledcarsdatamodel-prefix/src/libodvdscaledcarsdatamodel-build/CMakeFiles/CMakeTmp'
Makefile:126: recipe for target 'cmTC_7f1a7/fast' failed
make[3]: *** [cmTC_7f1a7/fast] Error 2
make[3]: Leaving directory '/opt/opendlv.scaledcars.build/libodvdscaledcarsdatamodel-prefix/src/libodvdscaledcarsdatamodel-build/CMakeFiles/CMakeTmp'

File /opt/opendlv.scaledcars.build/libodvdscaledcarsdatamodel-prefix/src/libodvdscaledcarsdatamodel-build/CMakeFiles/CMakeTmp/CheckSymbolExists.c:
/* */
#include <pthread.h>

int main(int argc, char** argv)
{
  (void)argv;
#ifndef pthread_create
  return ((int*)(&pthread_create))[argc];
#else
  (void)argc;
  return 0;
#endif
}

Determining if the function pthread_create exists in the pthreads failed with the following output:
Change Dir: /opt/opendlv.scaledcars.build/libodvdscaledcarsdatamodel-prefix/src/libodvdscaledcarsdatamodel-build/CMakeFiles/CMakeTmp

Run Build Command:"/usr/bin/make" "cmTC_893a0/fast"
make[3]: Entering directory '/opt/opendlv.scaledcars.build/libodvdscaledcarsdatamodel-prefix/src/libodvdscaledcarsdatamodel-build/CMakeFiles/CMakeTmp'
/usr/bin/make -f CMakeFiles/cmTC_893a0.dir/build.make CMakeFiles/cmTC_893a0.dir/build
make[4]: Entering directory '/opt/opendlv.scaledcars.build/libodvdscaledcarsdatamodel-prefix/src/libodvdscaledcarsdatamodel-build/CMakeFiles/CMakeTmp'
Building C object CMakeFiles/cmTC_893a0.dir/CheckFunctionExists.c.o
/usr/bin/cc    -fPIC -DCHECK_FUNCTION_EXISTS=pthread_create   -o CMakeFiles/cmTC_893a0.dir/CheckFunctionExists.c.o   -c /usr/share/cmake-3.5/Modules/CheckFunctionExists.c
Linking C executable cmTC_893a0
/usr/bin/cmake -E cmake_link_script CMakeFiles/cmTC_893a0.dir/link.txt --verbose=1
/usr/bin/cc    -fPIC -DCHECK_FUNCTION_EXISTS=pthread_create    CMakeFiles/cmTC_893a0.dir/CheckFunctionExists.c.o  -o cmTC_893a0 -rdynamic -lpthreads 
/usr/bin/ld: cannot find -lpthreads
collect2: error: ld returned 1 exit status
CMakeFiles/cmTC_893a0.dir/build.make:97: recipe for target 'cmTC_893a0' failed
make[4]: *** [cmTC_893a0] Error 1
make[4]: Leaving directory '/opt/opendlv.scaledcars.build/libodvdscaledcarsdatamodel-prefix/src/libodvdscaledcarsdatamodel-build/CMakeFiles/CMakeTmp'
Makefile:126: recipe for target 'cmTC_893a0/fast' failed
make[3]: *** [cmTC_893a0/fast] Error 2
make[3]: Leaving directory '/opt/opendlv.scaledcars.build/libodvdscaledcarsdatamodel-prefix/src/libodvdscaledcarsdatamodel-build/CMakeFiles/CMakeTmp'


