Determining if the pthread_create exist failed with the following output:
Change Dir: /opt/opendlv.scaledcars.build/build.system/CMakeFiles/CMakeTmp

Run Build Command:"/usr/bin/make" "cmTC_4db62/fast"
/usr/bin/make -f CMakeFiles/cmTC_4db62.dir/build.make CMakeFiles/cmTC_4db62.dir/build
make[1]: Entering directory '/opt/opendlv.scaledcars.build/build.system/CMakeFiles/CMakeTmp'
Building C object CMakeFiles/cmTC_4db62.dir/CheckSymbolExists.c.o
/usr/bin/cc    -fstack-protector-all -fPIC -ggdb -Wall -Weffc++ -Werror -Wextra -Wshadow -pedantic-errors -std=c99    -o CMakeFiles/cmTC_4db62.dir/CheckSymbolExists.c.o   -c /opt/opendlv.scaledcars.build/build.system/CMakeFiles/CMakeTmp/CheckSymbolExists.c
cc1: warning: command line option '-Weffc++' is valid for C++/ObjC++ but not for C
/opt/opendlv.scaledcars.build/build.system/CMakeFiles/CMakeTmp/CheckSymbolExists.c: In function 'main':
/opt/opendlv.scaledcars.build/build.system/CMakeFiles/CMakeTmp/CheckSymbolExists.c:8:11: error: ISO C forbids conversion of function pointer to object pointer type [-Wpedantic]
   return ((int*)(&pthread_create))[argc];
           ^
CMakeFiles/cmTC_4db62.dir/build.make:65: recipe for target 'CMakeFiles/cmTC_4db62.dir/CheckSymbolExists.c.o' failed
make[1]: *** [CMakeFiles/cmTC_4db62.dir/CheckSymbolExists.c.o] Error 1
make[1]: Leaving directory '/opt/opendlv.scaledcars.build/build.system/CMakeFiles/CMakeTmp'
Makefile:126: recipe for target 'cmTC_4db62/fast' failed
make: *** [cmTC_4db62/fast] Error 2

File /opt/opendlv.scaledcars.build/build.system/CMakeFiles/CMakeTmp/CheckSymbolExists.c:
/* */
#include <pthread.h>

int main(int argc, char** argv)
{
  (void)argv;
#ifndef pthread_create
  return ((int*)(&pthread_create))[argc];
#else
  (void)argc;
  return 0;
#endif
}

Determining if the function pthread_create exists in the pthreads failed with the following output:
Change Dir: /opt/opendlv.scaledcars.build/build.system/CMakeFiles/CMakeTmp

Run Build Command:"/usr/bin/make" "cmTC_83a3b/fast"
/usr/bin/make -f CMakeFiles/cmTC_83a3b.dir/build.make CMakeFiles/cmTC_83a3b.dir/build
make[1]: Entering directory '/opt/opendlv.scaledcars.build/build.system/CMakeFiles/CMakeTmp'
Building C object CMakeFiles/cmTC_83a3b.dir/CheckFunctionExists.c.o
/usr/bin/cc    -fstack-protector-all -fPIC -ggdb -Wall -Weffc++ -Werror -Wextra -Wshadow -pedantic-errors -std=c99 -DCHECK_FUNCTION_EXISTS=pthread_create   -o CMakeFiles/cmTC_83a3b.dir/CheckFunctionExists.c.o   -c /usr/share/cmake-3.5/Modules/CheckFunctionExists.c
cc1: warning: command line option '-Weffc++' is valid for C++/ObjC++ but not for C
Linking C executable cmTC_83a3b
/usr/bin/cmake -E cmake_link_script CMakeFiles/cmTC_83a3b.dir/link.txt --verbose=1
/usr/bin/cc  -fstack-protector-all -fPIC -ggdb -Wall -Weffc++ -Werror -Wextra -Wshadow -pedantic-errors -std=c99 -DCHECK_FUNCTION_EXISTS=pthread_create    CMakeFiles/cmTC_83a3b.dir/CheckFunctionExists.c.o  -o cmTC_83a3b -rdynamic -lpthreads 
/usr/bin/ld: cannot find -lpthreads
collect2: error: ld returned 1 exit status
CMakeFiles/cmTC_83a3b.dir/build.make:97: recipe for target 'cmTC_83a3b' failed
make[1]: *** [cmTC_83a3b] Error 1
make[1]: Leaving directory '/opt/opendlv.scaledcars.build/build.system/CMakeFiles/CMakeTmp'
Makefile:126: recipe for target 'cmTC_83a3b/fast' failed
make: *** [cmTC_83a3b/fast] Error 2


