Determining if the pthread_create exist failed with the following output:
Change Dir: /opt/opendlv.scaledcars.build/CMakeFiles/CMakeTmp

Run Build Command:"/usr/bin/make" "cmTC_463a5/fast"
/usr/bin/make -f CMakeFiles/cmTC_463a5.dir/build.make CMakeFiles/cmTC_463a5.dir/build
make[1]: Entering directory '/opt/opendlv.scaledcars.build/CMakeFiles/CMakeTmp'
Building C object CMakeFiles/cmTC_463a5.dir/CheckSymbolExists.c.o
/usr/bin/cc     -o CMakeFiles/cmTC_463a5.dir/CheckSymbolExists.c.o   -c /opt/opendlv.scaledcars.build/CMakeFiles/CMakeTmp/CheckSymbolExists.c
Linking C executable cmTC_463a5
/usr/bin/cmake -E cmake_link_script CMakeFiles/cmTC_463a5.dir/link.txt --verbose=1
/usr/bin/cc       CMakeFiles/cmTC_463a5.dir/CheckSymbolExists.c.o  -o cmTC_463a5 -rdynamic 
CMakeFiles/cmTC_463a5.dir/CheckSymbolExists.c.o: In function `main':
CheckSymbolExists.c:(.text+0x16): undefined reference to `pthread_create'
collect2: error: ld returned 1 exit status
CMakeFiles/cmTC_463a5.dir/build.make:97: recipe for target 'cmTC_463a5' failed
make[1]: *** [cmTC_463a5] Error 1
make[1]: Leaving directory '/opt/opendlv.scaledcars.build/CMakeFiles/CMakeTmp'
Makefile:126: recipe for target 'cmTC_463a5/fast' failed
make: *** [cmTC_463a5/fast] Error 2

File /opt/opendlv.scaledcars.build/CMakeFiles/CMakeTmp/CheckSymbolExists.c:
/* */
#include <pthread.h>

int main(int argc, char** argv)
{
  (void)argv;
#ifndef pthread_create
  return ((int*)(&pthread_create))[argc];
#else
  (void)argc;
  return 0;
#endif
}

Determining if the function pthread_create exists in the pthreads failed with the following output:
Change Dir: /opt/opendlv.scaledcars.build/CMakeFiles/CMakeTmp

Run Build Command:"/usr/bin/make" "cmTC_420bd/fast"
/usr/bin/make -f CMakeFiles/cmTC_420bd.dir/build.make CMakeFiles/cmTC_420bd.dir/build
make[1]: Entering directory '/opt/opendlv.scaledcars.build/CMakeFiles/CMakeTmp'
Building C object CMakeFiles/cmTC_420bd.dir/CheckFunctionExists.c.o
/usr/bin/cc    -DCHECK_FUNCTION_EXISTS=pthread_create   -o CMakeFiles/cmTC_420bd.dir/CheckFunctionExists.c.o   -c /usr/share/cmake-3.5/Modules/CheckFunctionExists.c
Linking C executable cmTC_420bd
/usr/bin/cmake -E cmake_link_script CMakeFiles/cmTC_420bd.dir/link.txt --verbose=1
/usr/bin/cc   -DCHECK_FUNCTION_EXISTS=pthread_create    CMakeFiles/cmTC_420bd.dir/CheckFunctionExists.c.o  -o cmTC_420bd -rdynamic -lpthreads 
/usr/bin/ld: cannot find -lpthreads
collect2: error: ld returned 1 exit status
CMakeFiles/cmTC_420bd.dir/build.make:97: recipe for target 'cmTC_420bd' failed
make[1]: *** [cmTC_420bd] Error 1
make[1]: Leaving directory '/opt/opendlv.scaledcars.build/CMakeFiles/CMakeTmp'
Makefile:126: recipe for target 'cmTC_420bd/fast' failed
make: *** [cmTC_420bd/fast] Error 2


