Determining if the pthread_create exist failed with the following output:
Change Dir: /opt/opendlv.scaledcars.build/CMakeFiles/CMakeTmp

Run Build Command:"/usr/bin/make" "cmTC_18151/fast"
/usr/bin/make -f CMakeFiles/cmTC_18151.dir/build.make CMakeFiles/cmTC_18151.dir/build
make[1]: Entering directory '/opt/opendlv.scaledcars.build/CMakeFiles/CMakeTmp'
Building C object CMakeFiles/cmTC_18151.dir/CheckSymbolExists.c.o
/usr/bin/cc     -o CMakeFiles/cmTC_18151.dir/CheckSymbolExists.c.o   -c /opt/opendlv.scaledcars.build/CMakeFiles/CMakeTmp/CheckSymbolExists.c
Linking C executable cmTC_18151
/usr/bin/cmake -E cmake_link_script CMakeFiles/cmTC_18151.dir/link.txt --verbose=1
/usr/bin/cc       CMakeFiles/cmTC_18151.dir/CheckSymbolExists.c.o  -o cmTC_18151 -rdynamic 
CMakeFiles/cmTC_18151.dir/CheckSymbolExists.c.o: In function `main':
CheckSymbolExists.c:(.text+0x16): undefined reference to `pthread_create'
collect2: error: ld returned 1 exit status
CMakeFiles/cmTC_18151.dir/build.make:97: recipe for target 'cmTC_18151' failed
make[1]: *** [cmTC_18151] Error 1
make[1]: Leaving directory '/opt/opendlv.scaledcars.build/CMakeFiles/CMakeTmp'
Makefile:126: recipe for target 'cmTC_18151/fast' failed
make: *** [cmTC_18151/fast] Error 2

File /opt/opendlv.scaledcars.build/CMakeFiles/CMakeTmp/CheckSymbolExists.c:
/* */
#include <pthread.h>

int main(int argc, char** argv)
{
  (void)argv;
#ifndef pthread_create
  return ((int*)(&pthread_create))[argc];
#else
  (void)argc;
  return 0;
#endif
}

Determining if the function pthread_create exists in the pthreads failed with the following output:
Change Dir: /opt/opendlv.scaledcars.build/CMakeFiles/CMakeTmp

Run Build Command:"/usr/bin/make" "cmTC_f73fa/fast"
/usr/bin/make -f CMakeFiles/cmTC_f73fa.dir/build.make CMakeFiles/cmTC_f73fa.dir/build
make[1]: Entering directory '/opt/opendlv.scaledcars.build/CMakeFiles/CMakeTmp'
Building C object CMakeFiles/cmTC_f73fa.dir/CheckFunctionExists.c.o
/usr/bin/cc    -DCHECK_FUNCTION_EXISTS=pthread_create   -o CMakeFiles/cmTC_f73fa.dir/CheckFunctionExists.c.o   -c /usr/share/cmake-3.5/Modules/CheckFunctionExists.c
Linking C executable cmTC_f73fa
/usr/bin/cmake -E cmake_link_script CMakeFiles/cmTC_f73fa.dir/link.txt --verbose=1
/usr/bin/cc   -DCHECK_FUNCTION_EXISTS=pthread_create    CMakeFiles/cmTC_f73fa.dir/CheckFunctionExists.c.o  -o cmTC_f73fa -rdynamic -lpthreads 
/usr/bin/ld: cannot find -lpthreads
collect2: error: ld returned 1 exit status
CMakeFiles/cmTC_f73fa.dir/build.make:97: recipe for target 'cmTC_f73fa' failed
make[1]: *** [cmTC_f73fa] Error 1
make[1]: Leaving directory '/opt/opendlv.scaledcars.build/CMakeFiles/CMakeTmp'
Makefile:126: recipe for target 'cmTC_f73fa/fast' failed
make: *** [cmTC_f73fa/fast] Error 2


