Sending build context to Docker daemon  3.487MB
Step 1/7 : FROM seresearch/opendlv-on-opendlv-core-on-opendavinci-on-base-dev
 ---> 394dbc0e914d
Step 2/7 : MAINTAINER Christian Berger "christian.berger@gu.se"
 ---> Using cache
 ---> af37f7e0f4a4
Step 3/7 : ADD opt /opt
 ---> Using cache
 ---> 32683499319c
Step 4/7 : RUN chown -R 1000:1000 /opt/opendlv.scaledcars
 ---> Using cache
 ---> fb23c96def99
Step 5/7 : ENV QT_X11_NO_MITSHM 1
 ---> Using cache
 ---> e735387452de
Step 6/7 : ENV LD_LIBRARY_PATH $LD_LIBRARY_PATH:/opt/opendlv.scaledcars/lib
 ---> Using cache
 ---> 2c8907b4c153
Step 7/7 : WORKDIR /opt/opendlv.scaledcars/bin
 ---> Using cache
 ---> 6151803e2db4
Successfully built 6151803e2db4
